<?xml version="1.0" encoding="UTF-8"?>
<testrun name="UserDAOTest" project="GemsJaxServer" tests="1" started="0" failures="0" errors="2" ignored="0">
  <testsuite name="test.persistence.UserDAOTest" incomplete="true">
    <error>java.lang.ExceptionInInitializerError
	at org.gemsjax.server.persistence.dao.UserDAO.&lt;init&gt;(UserDAO.java:24)
	at test.persistence.UserDAOTest.classSetup(UserDAOTest.java:32)
	at sun.reflect.NativeMethodAccessorImpl.invoke0(Native Method)
	at sun.reflect.NativeMethodAccessorImpl.invoke(NativeMethodAccessorImpl.java:57)
	at sun.reflect.DelegatingMethodAccessorImpl.invoke(DelegatingMethodAccessorImpl.java:43)
	at java.lang.reflect.Method.invoke(Method.java:616)
	at org.junit.runners.model.FrameworkMethod$1.runReflectiveCall(FrameworkMethod.java:44)
	at org.junit.internal.runners.model.ReflectiveCallable.run(ReflectiveCallable.java:15)
	at org.junit.runners.model.FrameworkMethod.invokeExplosively(FrameworkMethod.java:41)
	at org.junit.internal.runners.statements.RunBefores.evaluate(RunBefores.java:27)
	at org.junit.internal.runners.statements.RunAfters.evaluate(RunAfters.java:31)
	at org.junit.runners.ParentRunner.run(ParentRunner.java:236)
	at org.eclipse.jdt.internal.junit4.runner.JUnit4TestReference.run(JUnit4TestReference.java:46)
	at org.eclipse.jdt.internal.junit.runner.TestExecution.run(TestExecution.java:38)
	at org.eclipse.jdt.internal.junit.runner.RemoteTestRunner.runTests(RemoteTestRunner.java:467)
	at org.eclipse.jdt.internal.junit.runner.RemoteTestRunner.runTests(RemoteTestRunner.java:683)
	at org.eclipse.jdt.internal.junit.runner.RemoteTestRunner.run(RemoteTestRunner.java:390)
	at org.eclipse.jdt.internal.junit.runner.RemoteTestRunner.main(RemoteTestRunner.java:197)
Caused by: org.hibernate.MappingException: Unable to instantiate custom type: org.hibernate.type.EnumType
	at org.hibernate.type.TypeFactory.custom(TypeFactory.java:187)
	at org.hibernate.type.TypeFactory.custom(TypeFactory.java:174)
	at org.hibernate.type.TypeFactory.byClass(TypeFactory.java:99)
	at org.hibernate.type.TypeResolver.heuristicType(TypeResolver.java:170)
	at org.hibernate.mapping.SimpleValue.getType(SimpleValue.java:297)
	at org.hibernate.mapping.SimpleValue.isValid(SimpleValue.java:290)
	at org.hibernate.mapping.Property.isValid(Property.java:217)
	at org.hibernate.mapping.PersistentClass.validate(PersistentClass.java:464)
	at org.hibernate.mapping.RootClass.validate(RootClass.java:235)
	at org.hibernate.cfg.Configuration.validate(Configuration.java:1362)
	at org.hibernate.cfg.Configuration.buildSessionFactory(Configuration.java:1865)
	at org.gemsjax.server.persistence.HibernateUtil.&lt;clinit&gt;(HibernateUtil.java:16)
	... 18 more
Caused by: org.hibernate.HibernateException: Enum class not found
	at org.hibernate.type.EnumType.setParameterValues(EnumType.java:205)
	at org.hibernate.type.TypeFactory.injectParameters(TypeFactory.java:127)
	at org.hibernate.type.TypeFactory.custom(TypeFactory.java:183)
	... 29 more
Caused by: java.lang.ClassNotFoundException: org.gemsjax.shared.collaboration.Collaborateable.PublicPermission
	at java.net.URLClassLoader$1.run(URLClassLoader.java:217)
	at java.security.AccessController.doPrivileged(Native Method)
	at java.net.URLClassLoader.findClass(URLClassLoader.java:205)
	at java.lang.ClassLoader.loadClass(ClassLoader.java:321)
	at sun.misc.Launcher$AppClassLoader.loadClass(Launcher.java:294)
	at java.lang.ClassLoader.loadClass(ClassLoader.java:266)
	at java.lang.Class.forName0(Native Method)
	at java.lang.Class.forName(Class.java:264)
	at org.hibernate.util.ReflectHelper.classForName(ReflectHelper.java:170)
	at org.hibernate.type.EnumType.setParameterValues(EnumType.java:202)
	... 31 more

java.lang.NullPointerException
	at test.persistence.UserDAOTest.classSetDown(UserDAOTest.java:47)
	at sun.reflect.NativeMethodAccessorImpl.invoke0(Native Method)
	at sun.reflect.NativeMethodAccessorImpl.invoke(NativeMethodAccessorImpl.java:57)
	at sun.reflect.DelegatingMethodAccessorImpl.invoke(DelegatingMethodAccessorImpl.java:43)
	at java.lang.reflect.Method.invoke(Method.java:616)
	at org.junit.runners.model.FrameworkMethod$1.runReflectiveCall(FrameworkMethod.java:44)
	at org.junit.internal.runners.model.ReflectiveCallable.run(ReflectiveCallable.java:15)
	at org.junit.runners.model.FrameworkMethod.invokeExplosively(FrameworkMethod.java:41)
	at org.junit.internal.runners.statements.RunAfters.evaluate(RunAfters.java:37)
	at org.junit.runners.ParentRunner.run(ParentRunner.java:236)
	at org.eclipse.jdt.internal.junit4.runner.JUnit4TestReference.run(JUnit4TestReference.java:46)
	at org.eclipse.jdt.internal.junit.runner.TestExecution.run(TestExecution.java:38)
	at org.eclipse.jdt.internal.junit.runner.RemoteTestRunner.runTests(RemoteTestRunner.java:467)
	at org.eclipse.jdt.internal.junit.runner.RemoteTestRunner.runTests(RemoteTestRunner.java:683)
	at org.eclipse.jdt.internal.junit.runner.RemoteTestRunner.run(RemoteTestRunner.java:390)
	at org.eclipse.jdt.internal.junit.runner.RemoteTestRunner.main(RemoteTestRunner.java:197)

</error>
    <testcase name="createRegisteredUser" classname="test.persistence.UserDAOTest" incomplete="true"/>
  </testsuite>
</testrun>
