<?xml version="1.0" encoding="UTF-8"?>
<testrun name="CollaborateableDAOTest" project="GemsJaxServer" tests="4" started="0" failures="0" errors="2" ignored="0">
  <testsuite name="test.persistence.CollaborateableDAOTest" incomplete="true">
    <error>org.gemsjax.server.persistence.dao.exception.UsernameInUseException: could not insert: [org.gemsjax.server.persistence.user.RegisteredUserImpl]
	at org.gemsjax.server.persistence.dao.hibernate.HibernateUserDAO.createRegisteredUser(HibernateUserDAO.java:76)
	at test.persistence.CollaborateableDAOTest.classSetup(CollaborateableDAOTest.java:49)
	at sun.reflect.NativeMethodAccessorImpl.invoke0(Native Method)
	at sun.reflect.NativeMethodAccessorImpl.invoke(NativeMethodAccessorImpl.java:57)
	at sun.reflect.DelegatingMethodAccessorImpl.invoke(DelegatingMethodAccessorImpl.java:43)
	at java.lang.reflect.Method.invoke(Method.java:616)
	at org.junit.runners.model.FrameworkMethod$1.runReflectiveCall(FrameworkMethod.java:44)
	at org.junit.internal.runners.model.ReflectiveCallable.run(ReflectiveCallable.java:15)
	at org.junit.runners.model.FrameworkMethod.invokeExplosively(FrameworkMethod.java:41)
	at org.junit.internal.runners.statements.RunBefores.evaluate(RunBefores.java:27)
	at org.junit.internal.runners.statements.RunAfters.evaluate(RunAfters.java:31)
	at org.junit.runners.ParentRunner.run(ParentRunner.java:236)
	at org.eclipse.jdt.internal.junit4.runner.JUnit4TestReference.run(JUnit4TestReference.java:46)
	at org.eclipse.jdt.internal.junit.runner.TestExecution.run(TestExecution.java:38)
	at org.eclipse.jdt.internal.junit.runner.RemoteTestRunner.runTests(RemoteTestRunner.java:467)
	at org.eclipse.jdt.internal.junit.runner.RemoteTestRunner.runTests(RemoteTestRunner.java:683)
	at org.eclipse.jdt.internal.junit.runner.RemoteTestRunner.run(RemoteTestRunner.java:390)
	at org.eclipse.jdt.internal.junit.runner.RemoteTestRunner.main(RemoteTestRunner.java:197)

java.lang.IllegalArgumentException: attempt to create saveOrUpdate event with null entity
	at org.hibernate.event.SaveOrUpdateEvent.&lt;init&gt;(SaveOrUpdateEvent.java:63)
	at org.hibernate.event.SaveOrUpdateEvent.&lt;init&gt;(SaveOrUpdateEvent.java:46)
	at org.hibernate.impl.SessionImpl.saveOrUpdate(SessionImpl.java:677)
	at org.hibernate.impl.SessionImpl.saveOrUpdate(SessionImpl.java:673)
	at org.gemsjax.server.persistence.dao.hibernate.HibernateUserDAO.deleteRegisteredUser(HibernateUserDAO.java:150)
	at test.persistence.CollaborateableDAOTest.classSetDown(CollaborateableDAOTest.java:66)
	at sun.reflect.NativeMethodAccessorImpl.invoke0(Native Method)
	at sun.reflect.NativeMethodAccessorImpl.invoke(NativeMethodAccessorImpl.java:57)
	at sun.reflect.DelegatingMethodAccessorImpl.invoke(DelegatingMethodAccessorImpl.java:43)
	at java.lang.reflect.Method.invoke(Method.java:616)
	at org.junit.runners.model.FrameworkMethod$1.runReflectiveCall(FrameworkMethod.java:44)
	at org.junit.internal.runners.model.ReflectiveCallable.run(ReflectiveCallable.java:15)
	at org.junit.runners.model.FrameworkMethod.invokeExplosively(FrameworkMethod.java:41)
	at org.junit.internal.runners.statements.RunAfters.evaluate(RunAfters.java:37)
	at org.junit.runners.ParentRunner.run(ParentRunner.java:236)
	at org.eclipse.jdt.internal.junit4.runner.JUnit4TestReference.run(JUnit4TestReference.java:46)
	at org.eclipse.jdt.internal.junit.runner.TestExecution.run(TestExecution.java:38)
	at org.eclipse.jdt.internal.junit.runner.RemoteTestRunner.runTests(RemoteTestRunner.java:467)
	at org.eclipse.jdt.internal.junit.runner.RemoteTestRunner.runTests(RemoteTestRunner.java:683)
	at org.eclipse.jdt.internal.junit.runner.RemoteTestRunner.run(RemoteTestRunner.java:390)
	at org.eclipse.jdt.internal.junit.runner.RemoteTestRunner.main(RemoteTestRunner.java:197)

</error>
    <testcase name="createMetaModel" classname="test.persistence.CollaborateableDAOTest" incomplete="true"/>
    <testcase name="assignCollaborativeUser" classname="test.persistence.CollaborateableDAOTest" incomplete="true"/>
    <testcase name="createModel" classname="test.persistence.CollaborateableDAOTest" incomplete="true"/>
    <testcase name="testDelete" classname="test.persistence.CollaborateableDAOTest" incomplete="true"/>
  </testsuite>
</testrun>
