<?xml version="1.0" encoding="UTF-8"?>
<testrun name="RequestDAOTest" project="GemsJaxServer" tests="1" started="1" failures="0" errors="1" ignored="0">
  <testsuite name="test.persistence.RequestDAOTest" time="1.827">
    <testcase name="testRequests" classname="test.persistence.RequestDAOTest" time="1.827">
      <error>java.lang.ExceptionInInitializerError
	at org.gemsjax.server.persistence.dao.hibernate.HibernateUserDAO.createRegisteredUser(HibernateUserDAO.java:48)
	at test.persistence.RequestDAOTest.testRequests(RequestDAOTest.java:70)
	at sun.reflect.NativeMethodAccessorImpl.invoke0(Native Method)
	at sun.reflect.NativeMethodAccessorImpl.invoke(NativeMethodAccessorImpl.java:57)
	at sun.reflect.DelegatingMethodAccessorImpl.invoke(DelegatingMethodAccessorImpl.java:43)
	at java.lang.reflect.Method.invoke(Method.java:616)
	at org.junit.runners.model.FrameworkMethod$1.runReflectiveCall(FrameworkMethod.java:44)
	at org.junit.internal.runners.model.ReflectiveCallable.run(ReflectiveCallable.java:15)
	at org.junit.runners.model.FrameworkMethod.invokeExplosively(FrameworkMethod.java:41)
	at org.junit.internal.runners.statements.InvokeMethod.evaluate(InvokeMethod.java:20)
	at org.junit.runners.BlockJUnit4ClassRunner.runNotIgnored(BlockJUnit4ClassRunner.java:79)
	at org.junit.runners.BlockJUnit4ClassRunner.runChild(BlockJUnit4ClassRunner.java:71)
	at org.junit.runners.BlockJUnit4ClassRunner.runChild(BlockJUnit4ClassRunner.java:49)
	at org.junit.runners.ParentRunner$3.run(ParentRunner.java:193)
	at org.junit.runners.ParentRunner$1.schedule(ParentRunner.java:52)
	at org.junit.runners.ParentRunner.runChildren(ParentRunner.java:191)
	at org.junit.runners.ParentRunner.access$000(ParentRunner.java:42)
	at org.junit.runners.ParentRunner$2.evaluate(ParentRunner.java:184)
	at org.junit.internal.runners.statements.RunBefores.evaluate(RunBefores.java:28)
	at org.junit.runners.ParentRunner.run(ParentRunner.java:236)
	at org.eclipse.jdt.internal.junit4.runner.JUnit4TestReference.run(JUnit4TestReference.java:46)
	at org.eclipse.jdt.internal.junit.runner.TestExecution.run(TestExecution.java:38)
	at org.eclipse.jdt.internal.junit.runner.RemoteTestRunner.runTests(RemoteTestRunner.java:467)
	at org.eclipse.jdt.internal.junit.runner.RemoteTestRunner.runTests(RemoteTestRunner.java:683)
	at org.eclipse.jdt.internal.junit.runner.RemoteTestRunner.run(RemoteTestRunner.java:390)
	at org.eclipse.jdt.internal.junit.runner.RemoteTestRunner.main(RemoteTestRunner.java:197)
Caused by: org.hibernate.MappingException: Unsupported cascade style: delete-all-orphan
	at org.hibernate.engine.CascadeStyle.getCascadeStyle(CascadeStyle.java:292)
	at org.hibernate.mapping.Property.getCascadeStyle(Property.java:127)
	at org.hibernate.tuple.PropertyFactory.buildStandardProperty(PropertyFactory.java:155)
	at org.hibernate.tuple.entity.EntityMetamodel.&lt;init&gt;(EntityMetamodel.java:184)
	at org.hibernate.persister.entity.AbstractEntityPersister.&lt;init&gt;(AbstractEntityPersister.java:485)
	at org.hibernate.persister.entity.JoinedSubclassEntityPersister.&lt;init&gt;(JoinedSubclassEntityPersister.java:126)
	at org.hibernate.persister.PersisterFactory.createClassPersister(PersisterFactory.java:87)
	at org.hibernate.impl.SessionFactoryImpl.&lt;init&gt;(SessionFactoryImpl.java:286)
	at org.hibernate.cfg.Configuration.buildSessionFactory(Configuration.java:1872)
	at org.gemsjax.server.persistence.HibernateUtil.&lt;clinit&gt;(HibernateUtil.java:16)
	... 26 more

</error>
    </testcase>
  </testsuite>
</testrun>
